<?xml version="1.0" encoding="UTF-8"?>
<!-- Generated by org.testng.reporters.JUnitReportReporter -->
<testsuite hostname="Abhishek-PC" name="test.ExtentReportTestng" tests="1" failures="0" timestamp="30 Jul 2020 07:52:43 GMT" time="0.044" errors="0">
  <testcase name="test1" time="0.044" classname="test.ExtentReportTestng"/>
</testsuite> <!-- test.ExtentReportTestng -->
